<?xml version="1.0" encoding="UTF-8"?>
<testng-results ignored="0" total="1" passed="1" failed="0" skipped="0">
  <reporter-output>
  </reporter-output>
  <suite started-at="2024-07-19T12:37:10 IST" name="Default suite" finished-at="2024-07-19T12:37:45 IST" duration-ms="34782">
    <groups>
    </groups>
    <test started-at="2024-07-19T12:37:10 IST" name="Default test" finished-at="2024-07-19T12:37:45 IST" duration-ms="34782">
      <class name="Rahul_Khadtare.Tests.AddProductToCart">
        <test-method is-config="true" signature="launchHomePage()[pri:0, instance:Rahul_Khadtare.Tests.AddProductToCart@229c6181]" started-at="2024-07-19T12:37:10 IST" name="launchHomePage" finished-at="2024-07-19T12:37:14 IST" duration-ms="3871" status="PASS">
          <reporter-output>
          </reporter-output>
        </test-method> <!-- launchHomePage -->
        <test-method signature="addProductToCart()[pri:0, instance:Rahul_Khadtare.Tests.AddProductToCart@229c6181]" started-at="2024-07-19T12:37:14 IST" name="addProductToCart" finished-at="2024-07-19T12:37:45 IST" duration-ms="30552" status="PASS">
          <reporter-output>
          </reporter-output>
        </test-method> <!-- addProductToCart -->
        <test-method is-config="true" signature="tearDown()[pri:0, instance:Rahul_Khadtare.Tests.AddProductToCart@229c6181]" started-at="2024-07-19T12:37:45 IST" name="tearDown" finished-at="2024-07-19T12:37:45 IST" duration-ms="300" status="PASS">
          <reporter-output>
          </reporter-output>
        </test-method> <!-- tearDown -->
      </class> <!-- Rahul_Khadtare.Tests.AddProductToCart -->
    </test> <!-- Default test -->
  </suite> <!-- Default suite -->
</testng-results>
